<?xml version="1.0" encoding="UTF-8"?>
<!-- Generated by org.testng.reporters.JUnitReportReporter -->
<testsuite hostname="DINUKA-PC" failures="0" tests="1" name="testCases.TC_001_AccountRegistrationTest" time="1.411" errors="0" timestamp="2023-11-26T18:50:56 IST" skipped="0">
  <testcase classname="testCases.TC_001_AccountRegistrationTest" name="test_account_Registration" time="1.411"/>
</testsuite> <!-- testCases.TC_001_AccountRegistrationTest -->
