<?xml version="1.0" encoding="UTF-8"?>
<!-- Generated by org.testng.reporters.JUnitReportReporter -->
<testsuite hostname="DINUKA-PC" failures="0" tests="1" name="testCases.TC_002_LoginTest" time="0.880" errors="0" timestamp="2023-11-26T21:07:19 IST" skipped="0">
  <testcase classname="testCases.TC_002_LoginTest" name="test_login" time="0.880"/>
</testsuite> <!-- testCases.TC_002_LoginTest -->
